2024-09-27 16:17:30,383 - src.routers.utils - INFO - Fetching server ID
2024-09-27 16:17:41,107 - src.crud - INFO - Fetching all molecules with skip=0 and limit=100
2024-09-27 16:17:41,133 - src.crud - INFO - Yielded a total of 0 molecules
2024-09-27 16:18:27,578 - src.routers.upload - INFO - File uploaded for processing
2024-09-27 16:18:27,587 - root - INFO - Validating SMILES: C1CC1
2024-09-27 16:18:27,713 - src.crud - INFO - Adding molecule C1CC1 with ID 1
2024-09-27 16:18:27,713 - root - INFO - Validating SMILES: NCCO
2024-09-27 16:18:27,714 - src.crud - INFO - Adding molecule NCCO with ID 2
2024-09-27 16:18:27,714 - root - INFO - Validating SMILES: CCC(C)O
2024-09-27 16:18:27,715 - src.crud - INFO - Adding molecule CCC(C)O with ID 3
2024-09-27 16:18:27,715 - root - INFO - Validating SMILES: NCCO
2024-09-27 16:18:27,716 - src.crud - INFO - Adding molecule NCCO with ID 4
2024-09-27 16:18:27,716 - root - INFO - Validating SMILES: CC(C)O
2024-09-27 16:18:27,716 - src.crud - INFO - Adding molecule CC(C)O with ID 5
2024-09-27 16:18:27,716 - root - INFO - Validating SMILES: CC
2024-09-27 16:18:27,718 - src.crud - INFO - Adding molecule CC with ID 6
2024-09-27 16:18:27,718 - root - INFO - Validating SMILES: C1CCC1O
2024-09-27 16:18:27,718 - src.crud - INFO - Adding molecule C1CCC1O with ID 7
2024-09-27 16:18:27,718 - root - INFO - Validating SMILES: C=O
2024-09-27 16:18:27,718 - src.crud - INFO - Adding molecule C=O with ID 8
2024-09-27 16:18:27,718 - root - INFO - Validating SMILES: COC
2024-09-27 16:18:27,719 - src.crud - INFO - Adding molecule COC with ID 9
2024-09-27 16:18:27,719 - root - INFO - Validating SMILES: C1=CC=CC=C1O
2024-09-27 16:18:27,719 - src.crud - INFO - Adding molecule C1=CC=CC=C1O with ID 10
2024-09-27 16:18:27,721 - root - INFO - Validating SMILES: CCCC
2024-09-27 16:18:27,721 - src.crud - INFO - Adding molecule CCCC with ID 11
2024-09-27 16:18:27,721 - root - INFO - Validating SMILES: CCOCC
2024-09-27 16:18:27,721 - src.crud - INFO - Adding molecule CCOCC with ID 12
2024-09-27 16:18:27,721 - root - INFO - Validating SMILES: CC(C)O
2024-09-27 16:18:27,721 - src.crud - INFO - Adding molecule CC(C)O with ID 13
2024-09-27 16:18:27,721 - root - INFO - Validating SMILES: C1=CC=CC=C1
2024-09-27 16:18:27,722 - src.crud - INFO - Adding molecule C1=CC=CC=C1 with ID 14
2024-09-27 16:18:27,722 - root - INFO - Validating SMILES: C1COC1
2024-09-27 16:18:27,723 - src.crud - INFO - Adding molecule C1COC1 with ID 15
2024-09-27 16:18:27,723 - root - INFO - Validating SMILES: C=O
2024-09-27 16:18:27,723 - src.crud - INFO - Adding molecule C=O with ID 16
2024-09-27 16:18:27,723 - root - INFO - Validating SMILES: CCC
2024-09-27 16:18:27,726 - src.crud - INFO - Adding molecule CCC with ID 17
2024-09-27 16:18:27,727 - root - INFO - Validating SMILES: C1COC1
2024-09-27 16:18:27,727 - src.crud - INFO - Adding molecule C1COC1 with ID 18
2024-09-27 16:18:27,727 - root - INFO - Validating SMILES: O=C1C=CC=C1
2024-09-27 16:18:27,727 - src.crud - INFO - Adding molecule O=C1C=CC=C1 with ID 19
2024-09-27 16:18:27,729 - root - INFO - Validating SMILES: CCN
2024-09-27 16:18:27,730 - src.crud - INFO - Adding molecule CCN with ID 20
2024-09-27 16:18:27,731 - root - INFO - Validating SMILES: C1CC2CCC1C2
2024-09-27 16:18:27,732 - src.crud - INFO - Adding molecule C1CC2CCC1C2 with ID 21
2024-09-27 16:18:27,732 - root - INFO - Validating SMILES: C1CC1
2024-09-27 16:18:27,732 - src.crud - INFO - Adding molecule C1CC1 with ID 22
2024-09-27 16:18:27,732 - root - INFO - Validating SMILES: C1CC1
2024-09-27 16:18:27,733 - src.crud - INFO - Adding molecule C1CC1 with ID 23
2024-09-27 16:18:27,733 - root - INFO - Validating SMILES: O=CCC
2024-09-27 16:18:27,733 - src.crud - INFO - Adding molecule O=CCC with ID 24
2024-09-27 16:18:27,734 - root - INFO - Validating SMILES: C=O
2024-09-27 16:18:27,734 - src.crud - INFO - Adding molecule C=O with ID 25
2024-09-27 16:18:27,735 - root - INFO - Validating SMILES: CCS
2024-09-27 16:18:27,735 - src.crud - INFO - Adding molecule CCS with ID 26
2024-09-27 16:18:27,736 - root - INFO - Validating SMILES: N=C=O
2024-09-27 16:18:27,736 - src.crud - INFO - Adding molecule N=C=O with ID 27
2024-09-27 16:18:27,736 - root - INFO - Validating SMILES: CCCC
2024-09-27 16:18:27,737 - src.crud - INFO - Adding molecule CCCC with ID 28
2024-09-27 16:18:27,737 - root - INFO - Validating SMILES: N#CC
2024-09-27 16:18:27,737 - src.crud - INFO - Adding molecule N#CC with ID 29
2024-09-27 16:18:27,737 - root - INFO - Validating SMILES: O
2024-09-27 16:18:27,737 - src.crud - INFO - Adding molecule O with ID 30
2024-09-27 16:18:27,738 - root - INFO - Validating SMILES: CCC(C)O
2024-09-27 16:18:27,738 - src.crud - INFO - Adding molecule CCC(C)O with ID 31
2024-09-27 16:18:27,738 - root - INFO - Validating SMILES: N=C=O
2024-09-27 16:18:27,740 - src.crud - INFO - Adding molecule N=C=O with ID 32
2024-09-27 16:18:27,740 - root - INFO - Validating SMILES: C=O
2024-09-27 16:18:27,740 - src.crud - INFO - Adding molecule C=O with ID 33
2024-09-27 16:18:27,740 - root - INFO - Validating SMILES: CCCO
2024-09-27 16:18:27,741 - src.crud - INFO - Adding molecule CCCO with ID 34
2024-09-27 16:18:27,741 - root - INFO - Validating SMILES: O=C1C=CC=C1
2024-09-27 16:18:27,741 - src.crud - INFO - Adding molecule O=C1C=CC=C1 with ID 35
2024-09-27 16:18:27,742 - root - INFO - Validating SMILES: O=C=O
2024-09-27 16:18:27,742 - src.crud - INFO - Adding molecule O=C=O with ID 36
2024-09-27 16:18:27,742 - root - INFO - Validating SMILES: C1COC1
2024-09-27 16:18:27,743 - src.crud - INFO - Adding molecule C1COC1 with ID 37
2024-09-27 16:18:27,743 - root - INFO - Validating SMILES: NCCO
2024-09-27 16:18:27,744 - src.crud - INFO - Adding molecule NCCO with ID 38
2024-09-27 16:18:27,744 - root - INFO - Validating SMILES: C1CC1
2024-09-27 16:18:27,745 - src.crud - INFO - Adding molecule C1CC1 with ID 39
2024-09-27 16:18:27,746 - root - INFO - Validating SMILES: C1=CC=C(C=C1)Cl
2024-09-27 16:18:27,746 - src.crud - INFO - Adding molecule C1=CC=C(C=C1)Cl with ID 40
2024-09-27 16:18:27,748 - root - INFO - Validating SMILES: C1CCC1N
2024-09-27 16:18:27,748 - src.crud - INFO - Adding molecule C1CCC1N with ID 41
2024-09-27 16:18:27,748 - root - INFO - Validating SMILES: COC
2024-09-27 16:18:27,748 - src.crud - INFO - Adding molecule COC with ID 42
2024-09-27 16:18:27,748 - root - INFO - Validating SMILES: CCN
2024-09-27 16:18:27,748 - src.crud - INFO - Adding molecule CCN with ID 43
2024-09-27 16:18:27,750 - root - INFO - Validating SMILES: C
2024-09-27 16:18:27,750 - src.crud - INFO - Adding molecule C with ID 44
2024-09-27 16:18:27,751 - root - INFO - Validating SMILES: C1=CC=C(C=C1)Cl
2024-09-27 16:18:27,751 - src.crud - INFO - Adding molecule C1=CC=C(C=C1)Cl with ID 45
2024-09-27 16:18:27,752 - root - INFO - Validating SMILES: CCCC
2024-09-27 16:18:27,752 - src.crud - INFO - Adding molecule CCCC with ID 46
2024-09-27 16:18:27,752 - root - INFO - Validating SMILES: C#N
2024-09-27 16:18:27,752 - src.crud - INFO - Adding molecule C#N with ID 47
2024-09-27 16:18:27,752 - root - INFO - Validating SMILES: CN
2024-09-27 16:18:27,752 - src.crud - INFO - Adding molecule CN with ID 48
2024-09-27 16:18:27,753 - root - INFO - Validating SMILES: COC
2024-09-27 16:18:27,753 - src.crud - INFO - Adding molecule COC with ID 49
2024-09-27 16:18:27,754 - root - INFO - Validating SMILES: CC(C)O
2024-09-27 16:18:27,754 - src.crud - INFO - Adding molecule CC(C)O with ID 50
2024-09-27 16:18:27,754 - root - INFO - Validating SMILES: C1CCC1N
2024-09-27 16:18:27,755 - src.crud - INFO - Adding molecule C1CCC1N with ID 51
2024-09-27 16:18:27,755 - root - INFO - Validating SMILES: CCCC
2024-09-27 16:18:27,755 - src.crud - INFO - Adding molecule CCCC with ID 52
2024-09-27 16:18:27,757 - root - INFO - Validating SMILES: CNC
2024-09-27 16:18:27,757 - src.crud - INFO - Adding molecule CNC with ID 53
2024-09-27 16:18:27,758 - root - INFO - Validating SMILES: CCO
2024-09-27 16:18:27,758 - src.crud - INFO - Adding molecule CCO with ID 54
2024-09-27 16:18:27,759 - root - INFO - Validating SMILES: CO
2024-09-27 16:18:27,759 - src.crud - INFO - Adding molecule CO with ID 55
2024-09-27 16:18:27,759 - root - INFO - Validating SMILES: CC(=O)O
2024-09-27 16:18:27,759 - src.crud - INFO - Adding molecule CC(=O)O with ID 56
2024-09-27 16:18:27,759 - root - INFO - Validating SMILES: NCCO
2024-09-27 16:18:27,761 - src.crud - INFO - Adding molecule NCCO with ID 57
2024-09-27 16:18:27,761 - root - INFO - Validating SMILES: CCCC
2024-09-27 16:18:27,763 - src.crud - INFO - Adding molecule CCCC with ID 58
2024-09-27 16:18:27,763 - root - INFO - Validating SMILES: CCO
2024-09-27 16:18:27,763 - src.crud - INFO - Adding molecule CCO with ID 59
2024-09-27 16:18:27,764 - root - INFO - Validating SMILES: CCCl
2024-09-27 16:18:27,764 - src.crud - INFO - Adding molecule CCCl with ID 60
2024-09-27 16:18:27,764 - root - INFO - Validating SMILES: CCC
2024-09-27 16:18:27,764 - src.crud - INFO - Adding molecule CCC with ID 61
2024-09-27 16:18:27,764 - root - INFO - Validating SMILES: CO
2024-09-27 16:18:27,766 - src.crud - INFO - Adding molecule CO with ID 62
2024-09-27 16:18:27,766 - root - INFO - Validating SMILES: C1CNCCN1
2024-09-27 16:18:27,766 - src.crud - INFO - Adding molecule C1CNCCN1 with ID 63
2024-09-27 16:18:27,766 - root - INFO - Validating SMILES: CCC
2024-09-27 16:18:27,766 - src.crud - INFO - Adding molecule CCC with ID 64
2024-09-27 16:18:27,768 - root - INFO - Validating SMILES: C1CCC1O
2024-09-27 16:18:27,768 - src.crud - INFO - Adding molecule C1CCC1O with ID 65
2024-09-27 16:18:27,768 - root - INFO - Validating SMILES: C1CC1
2024-09-27 16:18:27,768 - src.crud - INFO - Adding molecule C1CC1 with ID 66
2024-09-27 16:18:27,769 - root - INFO - Validating SMILES: CCC
2024-09-27 16:18:27,769 - src.crud - INFO - Adding molecule CCC with ID 67
2024-09-27 16:18:27,769 - root - INFO - Validating SMILES: CNC
2024-09-27 16:18:27,769 - src.crud - INFO - Adding molecule CNC with ID 68
2024-09-27 16:18:27,769 - root - INFO - Validating SMILES: CN
2024-09-27 16:18:27,769 - src.crud - INFO - Adding molecule CN with ID 69
2024-09-27 16:18:27,770 - root - INFO - Validating SMILES: CCOCC
2024-09-27 16:18:27,770 - src.crud - INFO - Adding molecule CCOCC with ID 70
2024-09-27 16:18:27,770 - root - INFO - Validating SMILES: O
2024-09-27 16:18:27,772 - src.crud - INFO - Adding molecule O with ID 71
2024-09-27 16:18:27,772 - root - INFO - Validating SMILES: CN
2024-09-27 16:18:27,772 - src.crud - INFO - Adding molecule CN with ID 72
2024-09-27 16:18:27,772 - root - INFO - Validating SMILES: COO
2024-09-27 16:18:27,773 - src.crud - INFO - Adding molecule COO with ID 73
2024-09-27 16:18:27,773 - root - INFO - Validating SMILES: O=CCC
2024-09-27 16:18:27,774 - src.crud - INFO - Adding molecule O=CCC with ID 74
2024-09-27 16:18:27,774 - root - INFO - Validating SMILES: C#N
2024-09-27 16:18:27,775 - src.crud - INFO - Adding molecule C#N with ID 75
2024-09-27 16:18:27,775 - root - INFO - Validating SMILES: CO
2024-09-27 16:18:27,775 - src.crud - INFO - Adding molecule CO with ID 76
2024-09-27 16:18:27,775 - root - INFO - Validating SMILES: CCC
2024-09-27 16:18:27,775 - src.crud - INFO - Adding molecule CCC with ID 77
2024-09-27 16:18:27,777 - root - INFO - Validating SMILES: C1CC1N
2024-09-27 16:18:27,777 - src.crud - INFO - Adding molecule C1CC1N with ID 78
2024-09-27 16:18:27,777 - root - INFO - Validating SMILES: CCN
2024-09-27 16:18:27,778 - src.crud - INFO - Adding molecule CCN with ID 79
2024-09-27 16:18:27,779 - root - INFO - Validating SMILES: O=C1C=CC=C1
2024-09-27 16:18:27,779 - src.crud - INFO - Adding molecule O=C1C=CC=C1 with ID 80
2024-09-27 16:18:27,779 - root - INFO - Validating SMILES: C1CC2CCC1C2
2024-09-27 16:18:27,779 - src.crud - INFO - Adding molecule C1CC2CCC1C2 with ID 81
2024-09-27 16:18:27,781 - root - INFO - Validating SMILES: O=CCC
2024-09-27 16:18:27,781 - src.crud - INFO - Adding molecule O=CCC with ID 82
2024-09-27 16:18:27,782 - root - INFO - Validating SMILES: CO
2024-09-27 16:18:27,782 - src.crud - INFO - Adding molecule CO with ID 83
2024-09-27 16:18:27,782 - root - INFO - Validating SMILES: CCCC
2024-09-27 16:18:27,782 - src.crud - INFO - Adding molecule CCCC with ID 84
2024-09-27 16:18:27,782 - root - INFO - Validating SMILES: CCCOC
2024-09-27 16:18:27,784 - src.crud - INFO - Adding molecule CCCOC with ID 85
2024-09-27 16:18:27,784 - root - INFO - Validating SMILES: CCCl
2024-09-27 16:18:27,784 - src.crud - INFO - Adding molecule CCCl with ID 86
2024-09-27 16:18:27,785 - root - INFO - Validating SMILES: C1CCC1F
2024-09-27 16:18:27,785 - src.crud - INFO - Adding molecule C1CCC1F with ID 87
2024-09-27 16:18:27,785 - root - INFO - Validating SMILES: CCC
2024-09-27 16:18:27,786 - src.crud - INFO - Adding molecule CCC with ID 88
2024-09-27 16:18:27,786 - root - INFO - Validating SMILES: C1CC1N
2024-09-27 16:18:27,786 - src.crud - INFO - Adding molecule C1CC1N with ID 89
2024-09-27 16:18:27,786 - root - INFO - Validating SMILES: CC(Cl)CO
2024-09-27 16:18:27,788 - src.crud - INFO - Adding molecule CC(Cl)CO with ID 90
2024-09-27 16:18:27,788 - root - INFO - Validating SMILES: C1=CC=C(C=C1)O
2024-09-27 16:18:27,788 - src.crud - INFO - Adding molecule C1=CC=C(C=C1)O with ID 91
2024-09-27 16:18:27,789 - root - INFO - Validating SMILES: COC
2024-09-27 16:18:27,789 - src.crud - INFO - Adding molecule COC with ID 92
2024-09-27 16:18:27,789 - root - INFO - Validating SMILES: CNC
2024-09-27 16:18:27,791 - src.crud - INFO - Adding molecule CNC with ID 93
2024-09-27 16:18:27,791 - root - INFO - Validating SMILES: N=C=O
2024-09-27 16:18:27,791 - src.crud - INFO - Adding molecule N=C=O with ID 94
2024-09-27 16:18:27,791 - root - INFO - Validating SMILES: C1CC1
2024-09-27 16:18:27,791 - src.crud - INFO - Adding molecule C1CC1 with ID 95
2024-09-27 16:18:27,791 - root - INFO - Validating SMILES: CCCl
2024-09-27 16:18:27,792 - src.crud - INFO - Adding molecule CCCl with ID 96
2024-09-27 16:18:27,792 - root - INFO - Validating SMILES: C#N
2024-09-27 16:18:27,793 - src.crud - INFO - Adding molecule C#N with ID 97
2024-09-27 16:18:27,793 - root - INFO - Validating SMILES: CCOCC
2024-09-27 16:18:27,795 - src.crud - INFO - Adding molecule CCOCC with ID 98
2024-09-27 16:18:27,795 - root - INFO - Validating SMILES: O=C(O)CC
2024-09-27 16:18:27,796 - src.crud - INFO - Adding molecule O=C(O)CC with ID 99
2024-09-27 16:18:27,796 - root - INFO - Validating SMILES: CC(C)O
2024-09-27 16:18:27,798 - src.crud - INFO - Adding molecule CC(C)O with ID 100
2024-09-27 16:18:27,821 - src.crud - INFO - Molecule/Molecules added successfully.
2024-09-27 16:19:17,753 - src.crud - INFO - Fetching all molecules with skip=0 and limit=100
2024-09-27 16:19:17,761 - src.crud - INFO - Yielding molecule with mol_id=1
2024-09-27 16:19:17,771 - src.crud - INFO - Yielding molecule with mol_id=2
2024-09-27 16:19:17,772 - src.crud - INFO - Yielding molecule with mol_id=3
2024-09-27 16:19:17,772 - src.crud - INFO - Yielding molecule with mol_id=4
2024-09-27 16:19:17,772 - src.crud - INFO - Yielding molecule with mol_id=5
2024-09-27 16:19:17,772 - src.crud - INFO - Yielding molecule with mol_id=6
2024-09-27 16:19:17,773 - src.crud - INFO - Yielding molecule with mol_id=7
2024-09-27 16:19:17,773 - src.crud - INFO - Yielding molecule with mol_id=8
2024-09-27 16:19:17,773 - src.crud - INFO - Yielding molecule with mol_id=9
2024-09-27 16:19:17,773 - src.crud - INFO - Yielding molecule with mol_id=10
2024-09-27 16:19:17,774 - src.crud - INFO - Yielding molecule with mol_id=11
2024-09-27 16:19:17,774 - src.crud - INFO - Yielding molecule with mol_id=12
2024-09-27 16:19:17,774 - src.crud - INFO - Yielding molecule with mol_id=13
2024-09-27 16:19:17,774 - src.crud - INFO - Yielding molecule with mol_id=14
2024-09-27 16:19:17,775 - src.crud - INFO - Yielding molecule with mol_id=15
2024-09-27 16:19:17,775 - src.crud - INFO - Yielding molecule with mol_id=16
2024-09-27 16:19:17,775 - src.crud - INFO - Yielding molecule with mol_id=17
2024-09-27 16:19:17,775 - src.crud - INFO - Yielding molecule with mol_id=18
2024-09-27 16:19:17,776 - src.crud - INFO - Yielding molecule with mol_id=19
2024-09-27 16:19:17,776 - src.crud - INFO - Yielding molecule with mol_id=20
2024-09-27 16:19:17,777 - src.crud - INFO - Yielding molecule with mol_id=21
2024-09-27 16:19:17,777 - src.crud - INFO - Yielding molecule with mol_id=22
2024-09-27 16:19:17,777 - src.crud - INFO - Yielding molecule with mol_id=23
2024-09-27 16:19:17,777 - src.crud - INFO - Yielding molecule with mol_id=24
2024-09-27 16:19:17,778 - src.crud - INFO - Yielding molecule with mol_id=25
2024-09-27 16:19:17,778 - src.crud - INFO - Yielding molecule with mol_id=26
2024-09-27 16:19:17,778 - src.crud - INFO - Yielding molecule with mol_id=27
2024-09-27 16:19:17,778 - src.crud - INFO - Yielding molecule with mol_id=28
2024-09-27 16:19:17,778 - src.crud - INFO - Yielding molecule with mol_id=29
2024-09-27 16:19:17,779 - src.crud - INFO - Yielding molecule with mol_id=30
2024-09-27 16:19:17,781 - src.crud - INFO - Yielding molecule with mol_id=31
2024-09-27 16:19:17,781 - src.crud - INFO - Yielding molecule with mol_id=32
2024-09-27 16:19:17,782 - src.crud - INFO - Yielding molecule with mol_id=33
2024-09-27 16:19:17,782 - src.crud - INFO - Yielding molecule with mol_id=34
2024-09-27 16:19:17,782 - src.crud - INFO - Yielding molecule with mol_id=35
2024-09-27 16:19:17,782 - src.crud - INFO - Yielding molecule with mol_id=36
2024-09-27 16:19:17,783 - src.crud - INFO - Yielding molecule with mol_id=37
2024-09-27 16:19:17,783 - src.crud - INFO - Yielding molecule with mol_id=38
2024-09-27 16:19:17,783 - src.crud - INFO - Yielding molecule with mol_id=39
2024-09-27 16:19:17,783 - src.crud - INFO - Yielding molecule with mol_id=40
2024-09-27 16:19:17,784 - src.crud - INFO - Yielding molecule with mol_id=41
2024-09-27 16:19:17,784 - src.crud - INFO - Yielding molecule with mol_id=42
2024-09-27 16:19:17,784 - src.crud - INFO - Yielding molecule with mol_id=43
2024-09-27 16:19:17,784 - src.crud - INFO - Yielding molecule with mol_id=44
2024-09-27 16:19:17,785 - src.crud - INFO - Yielding molecule with mol_id=45
2024-09-27 16:19:17,785 - src.crud - INFO - Yielding molecule with mol_id=46
2024-09-27 16:19:17,785 - src.crud - INFO - Yielding molecule with mol_id=47
2024-09-27 16:19:17,785 - src.crud - INFO - Yielding molecule with mol_id=48
2024-09-27 16:19:17,786 - src.crud - INFO - Yielding molecule with mol_id=49
2024-09-27 16:19:17,786 - src.crud - INFO - Yielding molecule with mol_id=50
2024-09-27 16:19:17,786 - src.crud - INFO - Yielding molecule with mol_id=51
2024-09-27 16:19:17,786 - src.crud - INFO - Yielding molecule with mol_id=52
2024-09-27 16:19:17,786 - src.crud - INFO - Yielding molecule with mol_id=53
2024-09-27 16:19:17,787 - src.crud - INFO - Yielding molecule with mol_id=54
2024-09-27 16:19:17,787 - src.crud - INFO - Yielding molecule with mol_id=55
2024-09-27 16:19:17,787 - src.crud - INFO - Yielding molecule with mol_id=56
2024-09-27 16:19:17,787 - src.crud - INFO - Yielding molecule with mol_id=57
2024-09-27 16:19:17,788 - src.crud - INFO - Yielding molecule with mol_id=58
2024-09-27 16:19:17,788 - src.crud - INFO - Yielding molecule with mol_id=59
2024-09-27 16:19:17,788 - src.crud - INFO - Yielding molecule with mol_id=60
2024-09-27 16:19:17,788 - src.crud - INFO - Yielding molecule with mol_id=61
2024-09-27 16:19:17,788 - src.crud - INFO - Yielding molecule with mol_id=62
2024-09-27 16:19:17,789 - src.crud - INFO - Yielding molecule with mol_id=63
2024-09-27 16:19:17,789 - src.crud - INFO - Yielding molecule with mol_id=64
2024-09-27 16:19:17,789 - src.crud - INFO - Yielding molecule with mol_id=65
2024-09-27 16:19:17,789 - src.crud - INFO - Yielding molecule with mol_id=66
2024-09-27 16:19:17,789 - src.crud - INFO - Yielding molecule with mol_id=67
2024-09-27 16:19:17,790 - src.crud - INFO - Yielding molecule with mol_id=68
2024-09-27 16:19:17,790 - src.crud - INFO - Yielding molecule with mol_id=69
2024-09-27 16:19:17,790 - src.crud - INFO - Yielding molecule with mol_id=70
2024-09-27 16:19:17,790 - src.crud - INFO - Yielding molecule with mol_id=71
2024-09-27 16:19:17,791 - src.crud - INFO - Yielding molecule with mol_id=72
2024-09-27 16:19:17,791 - src.crud - INFO - Yielding molecule with mol_id=73
2024-09-27 16:19:17,791 - src.crud - INFO - Yielding molecule with mol_id=74
2024-09-27 16:19:17,791 - src.crud - INFO - Yielding molecule with mol_id=75
2024-09-27 16:19:17,791 - src.crud - INFO - Yielding molecule with mol_id=76
2024-09-27 16:19:17,792 - src.crud - INFO - Yielding molecule with mol_id=77
2024-09-27 16:19:17,792 - src.crud - INFO - Yielding molecule with mol_id=78
2024-09-27 16:19:17,792 - src.crud - INFO - Yielding molecule with mol_id=79
2024-09-27 16:19:17,792 - src.crud - INFO - Yielding molecule with mol_id=80
2024-09-27 16:19:17,793 - src.crud - INFO - Yielding molecule with mol_id=81
2024-09-27 16:19:17,793 - src.crud - INFO - Yielding molecule with mol_id=82
2024-09-27 16:19:17,793 - src.crud - INFO - Yielding molecule with mol_id=83
2024-09-27 16:19:17,793 - src.crud - INFO - Yielding molecule with mol_id=84
2024-09-27 16:19:17,794 - src.crud - INFO - Yielding molecule with mol_id=85
2024-09-27 16:19:17,794 - src.crud - INFO - Yielding molecule with mol_id=86
2024-09-27 16:19:17,794 - src.crud - INFO - Yielding molecule with mol_id=87
2024-09-27 16:19:17,794 - src.crud - INFO - Yielding molecule with mol_id=88
2024-09-27 16:19:17,794 - src.crud - INFO - Yielding molecule with mol_id=89
2024-09-27 16:19:17,795 - src.crud - INFO - Yielding molecule with mol_id=90
2024-09-27 16:19:17,795 - src.crud - INFO - Yielding molecule with mol_id=91
2024-09-27 16:19:17,795 - src.crud - INFO - Yielding molecule with mol_id=92
2024-09-27 16:19:17,797 - src.crud - INFO - Yielding molecule with mol_id=93
2024-09-27 16:19:17,799 - src.crud - INFO - Yielding molecule with mol_id=94
2024-09-27 16:19:17,799 - src.crud - INFO - Yielding molecule with mol_id=95
2024-09-27 16:19:17,799 - src.crud - INFO - Yielding molecule with mol_id=96
2024-09-27 16:19:17,799 - src.crud - INFO - Yielding molecule with mol_id=97
2024-09-27 16:19:17,800 - src.crud - INFO - Yielding molecule with mol_id=98
2024-09-27 16:19:17,800 - src.crud - INFO - Yielding molecule with mol_id=99
2024-09-27 16:19:17,800 - src.crud - INFO - Yielding molecule with mol_id=100
2024-09-27 16:19:17,800 - src.crud - INFO - Yielded a total of 100 molecules
2024-09-27 16:19:32,268 - src.routers.molecules - INFO - Attempting to delete molecule with ID 40
2024-09-27 16:19:32,269 - src.crud - INFO - Deleting molecule with ID 40
2024-09-27 16:19:32,281 - src.routers.molecules - INFO - Molecule with ID 40 successfully deleted
2024-09-27 16:19:44,098 - src.routers.molecules - INFO - Retrieving molecule with ID 4
2024-09-27 16:19:44,100 - src.crud - INFO - Molecule found:  NCCO
2024-09-27 16:19:54,438 - src.routers.search - INFO - Searching for molecules with substructure: CC
2024-09-27 16:20:02,851 - celery.backends.redis - ERROR - Connection to Redis lost: Retry (0/20) now.
2024-09-27 16:20:06,956 - celery.backends.redis - ERROR - Connection to Redis lost: Retry (1/20) in 1.00 second.
2024-09-27 16:20:12,012 - celery.backends.redis - ERROR - Connection to Redis lost: Retry (2/20) in 1.00 second.
2024-09-27 16:26:46,497 - src.routers.search - INFO - Searching for molecules with substructure: CC
2024-09-27 16:28:31,715 - src.routers.search - INFO - Searching for molecules with substructure: CC
2024-09-27 16:28:35,709 - src.routers.search - INFO - Searching for molecules with substructure: CC
2024-09-27 16:28:36,339 - src.routers.search - INFO - Searching for molecules with substructure: CC
2024-09-27 16:28:36,836 - src.routers.search - INFO - Searching for molecules with substructure: CC
2024-09-27 16:28:37,267 - src.routers.search - INFO - Searching for molecules with substructure: CC
2024-09-27 16:28:37,702 - src.routers.search - INFO - Searching for molecules with substructure: CC
2024-09-27 16:28:38,360 - src.routers.search - INFO - Searching for molecules with substructure: CC
